This file contains any messages produced by compilers while
running configure, to aid debugging if configure makes a mistake.

It was created by libao configure 1.2.2, which was
generated by GNU Autoconf 2.69.  Invocation command line was

  $ ./configure --prefix=/home/krone/CSoundWave/libao/../vendor/libao_1.2.2

## --------- ##
## Platform. ##
## --------- ##

hostname = krone
uname -m = x86_64
uname -r = 6.1.0-18-amd64
uname -s = Linux
uname -v = #1 SMP PREEMPT_DYNAMIC Debian 6.1.76-1 (2024-02-01)

/usr/bin/uname -p = unknown
/bin/uname -X     = unknown

/bin/arch              = x86_64
/usr/bin/arch -k       = unknown
/usr/convex/getsysinfo = unknown
/usr/bin/hostinfo      = unknown
/bin/machine           = unknown
/usr/bin/oslevel       = unknown
/bin/universe          = unknown

PATH: /usr/local/sbin
PATH: /usr/local/bin
PATH: /usr/sbin
PATH: /usr/bin
PATH: /sbin
PATH: /bin


## ----------- ##
## Core tests. ##
## ----------- ##

configure:2538: checking for a BSD-compatible install
configure:2606: result: /usr/bin/install -c
configure:2617: checking whether build environment is sane
configure:2672: result: yes
configure:2823: checking for a thread-safe mkdir -p
configure:2862: result: /usr/bin/mkdir -p
configure:2869: checking for gawk
configure:2885: found /usr/bin/gawk
configure:2896: result: gawk
configure:2907: checking whether make sets $(MAKE)
configure:2929: result: yes
configure:2958: checking whether make supports nested variables
configure:2975: result: yes
configure:3103: checking whether to enable maintainer-specific portions of Makefiles
configure:3112: result: no
configure:3169: checking whether make supports nested variables
configure:3186: result: yes
configure:3211: checking build system type
configure:3225: result: x86_64-unknown-linux-gnu
configure:3245: checking host system type
configure:3258: result: x86_64-unknown-linux-gnu
configure:3332: checking for gcc
configure:3348: found /usr/bin/gcc
configure:3359: result: gcc
configure:3588: checking for C compiler version
configure:3597: gcc --version >&5
gcc (Debian 12.2.0-14) 12.2.0
Copyright (C) 2022 Free Software Foundation, Inc.
This is free software; see the source for copying conditions.  There is NO
warranty; not even for MERCHANTABILITY or FITNESS FOR A PARTICULAR PURPOSE.

configure:3608: $? = 0
configure:3597: gcc -v >&5
Using built-in specs.
COLLECT_GCC=gcc
COLLECT_LTO_WRAPPER=/usr/lib/gcc/x86_64-linux-gnu/12/lto-wrapper
OFFLOAD_TARGET_NAMES=nvptx-none:amdgcn-amdhsa
OFFLOAD_TARGET_DEFAULT=1
Target: x86_64-linux-gnu
Configured with: ../src/configure -v --with-pkgversion='Debian 12.2.0-14' --with-bugurl=file:///usr/share/doc/gcc-12/README.Bugs --enable-languages=c,ada,c++,go,d,fortran,objc,obj-c++,m2 --prefix=/usr --with-gcc-major-version-only --program-suffix=-12 --program-prefix=x86_64-linux-gnu- --enable-shared --enable-linker-build-id --libexecdir=/usr/lib --without-included-gettext --enable-threads=posix --libdir=/usr/lib --enable-nls --enable-clocale=gnu --enable-libstdcxx-debug --enable-libstdcxx-time=yes --with-default-libstdcxx-abi=new --enable-gnu-unique-object --disable-vtable-verify --enable-plugin --enable-default-pie --with-system-zlib --enable-libphobos-checking=release --with-target-system-zlib=auto --enable-objc-gc=auto --enable-multiarch --disable-werror --enable-cet --with-arch-32=i686 --with-abi=m64 --with-multilib-list=m32,m64,mx32 --enable-multilib --with-tune=generic --enable-offload-targets=nvptx-none=/build/gcc-12-bTRWOB/gcc-12-12.2.0/debian/tmp-nvptx/usr,amdgcn-amdhsa=/build/gcc-12-bTRWOB/gcc-12-12.2.0/debian/tmp-gcn/usr --enable-offload-defaulted --without-cuda-driver --enable-checking=release --build=x86_64-linux-gnu --host=x86_64-linux-gnu --target=x86_64-linux-gnu
Thread model: posix
Supported LTO compression algorithms: zlib zstd
gcc version 12.2.0 (Debian 12.2.0-14) 
... rest of stderr output deleted ...
configure:3608: $? = 0
configure:3597: gcc -V >&5
gcc: error: unrecognized command-line option '-V'
gcc: fatal error: no input files
compilation terminated.
configure:3608: $? = 1
configure:3597: gcc -qversion >&5
gcc: error: unrecognized command-line option '-qversion'; did you mean '--version'?
gcc: fatal error: no input files
compilation terminated.
configure:3608: $? = 1
configure:3628: checking whether the C compiler works
configure:3650: gcc    conftest.c  >&5
configure:3654: $? = 0
configure:3702: result: yes
configure:3705: checking for C compiler default output file name
configure:3707: result: a.out
configure:3713: checking for suffix of executables
configure:3720: gcc -o conftest    conftest.c  >&5
configure:3724: $? = 0
configure:3746: result: 
configure:3768: checking whether we are cross compiling
configure:3776: gcc -o conftest    conftest.c  >&5
configure:3780: $? = 0
configure:3787: ./conftest
configure:3791: $? = 0
configure:3806: result: no
configure:3811: checking for suffix of object files
configure:3833: gcc -c   conftest.c >&5
configure:3837: $? = 0
configure:3858: result: o
configure:3862: checking whether we are using the GNU C compiler
configure:3881: gcc -c   conftest.c >&5
configure:3881: $? = 0
configure:3890: result: yes
configure:3899: checking whether gcc accepts -g
configure:3919: gcc -c -g  conftest.c >&5
configure:3919: $? = 0
configure:3960: result: yes
configure:3977: checking for gcc option to accept ISO C89
configure:4040: gcc  -c -g -O2  conftest.c >&5
configure:4040: $? = 0
configure:4053: result: none needed
configure:4078: checking whether gcc understands -c and -o together
configure:4100: gcc -c conftest.c -o conftest2.o
configure:4103: $? = 0
configure:4100: gcc -c conftest.c -o conftest2.o
configure:4103: $? = 0
configure:4115: result: yes
configure:4143: checking for style of include used by make
configure:4171: result: GNU
configure:4197: checking dependency style of gcc
configure:4308: result: gcc3
configure:4676: checking how to print strings
configure:4703: result: printf
configure:4724: checking for a sed that does not truncate output
configure:4788: result: /usr/bin/sed
configure:4806: checking for grep that handles long lines and -e
configure:4864: result: /usr/bin/grep
configure:4869: checking for egrep
configure:4931: result: /usr/bin/grep -E
configure:4936: checking for fgrep
configure:4998: result: /usr/bin/grep -F
configure:5033: checking for ld used by gcc
configure:5100: result: /usr/bin/ld
configure:5107: checking if the linker (/usr/bin/ld) is GNU ld
configure:5122: result: yes
configure:5134: checking for BSD- or MS-compatible name lister (nm)
configure:5183: result: /usr/bin/nm -B
configure:5313: checking the name lister (/usr/bin/nm -B) interface
configure:5320: gcc -c -g -O2  conftest.c >&5
configure:5323: /usr/bin/nm -B "conftest.o"
configure:5326: output
0000000000000000 B some_variable
configure:5333: result: BSD nm
configure:5336: checking whether ln -s works
configure:5340: result: yes
configure:5348: checking the maximum length of command line arguments
configure:5479: result: 1572864
configure:5496: checking whether the shell understands some XSI constructs
configure:5506: result: yes
configure:5510: checking whether the shell understands "+="
configure:5516: result: yes
configure:5551: checking how to convert x86_64-unknown-linux-gnu file names to x86_64-unknown-linux-gnu format
configure:5591: result: func_convert_file_noop
configure:5598: checking how to convert x86_64-unknown-linux-gnu file names to toolchain format
configure:5618: result: func_convert_file_noop
configure:5625: checking for /usr/bin/ld option to reload object files
configure:5632: result: -r
configure:5706: checking for objdump
configure:5733: result: objdump
configure:5762: checking how to recognize dependent libraries
configure:5960: result: pass_all
configure:6045: checking for dlltool
configure:6072: result: dlltool
configure:6102: checking how to associate runtime and link libraries
configure:6129: result: printf %s\n
configure:6190: checking for ar
configure:6206: found /usr/bin/ar
configure:6217: result: ar
configure:6254: checking for archiver @FILE support
configure:6271: gcc -c -g -O2  conftest.c >&5
configure:6271: $? = 0
configure:6274: ar cru libconftest.a @conftest.lst >&5
ar: `u' modifier ignored since `D' is the default (see `U')
configure:6277: $? = 0
configure:6282: ar cru libconftest.a @conftest.lst >&5
ar: `u' modifier ignored since `D' is the default (see `U')
ar: conftest.o: No such file or directory
configure:6285: $? = 1
configure:6297: result: @
configure:6355: checking for strip
configure:6371: found /usr/bin/strip
configure:6382: result: strip
configure:6454: checking for ranlib
configure:6470: found /usr/bin/ranlib
configure:6481: result: ranlib
configure:6583: checking command to parse /usr/bin/nm -B output from gcc object
configure:6703: gcc -c -g -O2  conftest.c >&5
configure:6706: $? = 0
configure:6710: /usr/bin/nm -B conftest.o \| sed -n -e 's/^.*[ ]\([ABCDGIRSTW][ABCDGIRSTW]*\)[ ][ ]*\([_A-Za-z][_A-Za-z0-9]*\)$/\1 \2 \2/p' | sed '/ __gnu_lto/d' \> conftest.nm
configure:6713: $? = 0
configure:6779: gcc -o conftest -g -O2   conftest.c conftstm.o >&5
configure:6782: $? = 0
configure:6820: result: ok
configure:6857: checking for sysroot
configure:6887: result: no
configure:6964: gcc -c -g -O2  conftest.c >&5
configure:6967: $? = 0
configure:7156: checking for mt
configure:7172: found /usr/bin/mt
configure:7183: result: mt
configure:7206: checking if mt is a manifest tool
configure:7212: mt '-?'
configure:7220: result: no
configure:7862: checking how to run the C preprocessor
configure:7893: gcc -E  conftest.c
configure:7893: $? = 0
configure:7907: gcc -E  conftest.c
conftest.c:11:10: fatal error: ac_nonexistent.h: No such file or directory
   11 | #include <ac_nonexistent.h>
      |          ^~~~~~~~~~~~~~~~~~
compilation terminated.
configure:7907: $? = 1
configure: failed program was:
| /* confdefs.h */
| #define PACKAGE_NAME "libao"
| #define PACKAGE_TARNAME "libao"
| #define PACKAGE_VERSION "1.2.2"
| #define PACKAGE_STRING "libao 1.2.2"
| #define PACKAGE_BUGREPORT "monty@xiph.org"
| #define PACKAGE_URL ""
| #define PACKAGE "libao"
| #define VERSION "1.2.2"
| /* end confdefs.h.  */
| #include <ac_nonexistent.h>
configure:7932: result: gcc -E
configure:7952: gcc -E  conftest.c
configure:7952: $? = 0
configure:7966: gcc -E  conftest.c
conftest.c:11:10: fatal error: ac_nonexistent.h: No such file or directory
   11 | #include <ac_nonexistent.h>
      |          ^~~~~~~~~~~~~~~~~~
compilation terminated.
configure:7966: $? = 1
configure: failed program was:
| /* confdefs.h */
| #define PACKAGE_NAME "libao"
| #define PACKAGE_TARNAME "libao"
| #define PACKAGE_VERSION "1.2.2"
| #define PACKAGE_STRING "libao 1.2.2"
| #define PACKAGE_BUGREPORT "monty@xiph.org"
| #define PACKAGE_URL ""
| #define PACKAGE "libao"
| #define VERSION "1.2.2"
| /* end confdefs.h.  */
| #include <ac_nonexistent.h>
configure:7995: checking for ANSI C header files
configure:8015: gcc -c -g -O2  conftest.c >&5
configure:8015: $? = 0
configure:8088: gcc -o conftest -g -O2   conftest.c  >&5
configure:8088: $? = 0
configure:8088: ./conftest
configure:8088: $? = 0
configure:8099: result: yes
configure:8112: checking for sys/types.h
configure:8112: gcc -c -g -O2  conftest.c >&5
configure:8112: $? = 0
configure:8112: result: yes
configure:8112: checking for sys/stat.h
configure:8112: gcc -c -g -O2  conftest.c >&5
configure:8112: $? = 0
configure:8112: result: yes
configure:8112: checking for stdlib.h
configure:8112: gcc -c -g -O2  conftest.c >&5
configure:8112: $? = 0
configure:8112: result: yes
configure:8112: checking for string.h
configure:8112: gcc -c -g -O2  conftest.c >&5
configure:8112: $? = 0
configure:8112: result: yes
configure:8112: checking for memory.h
configure:8112: gcc -c -g -O2  conftest.c >&5
configure:8112: $? = 0
configure:8112: result: yes
configure:8112: checking for strings.h
configure:8112: gcc -c -g -O2  conftest.c >&5
configure:8112: $? = 0
configure:8112: result: yes
configure:8112: checking for inttypes.h
configure:8112: gcc -c -g -O2  conftest.c >&5
configure:8112: $? = 0
configure:8112: result: yes
configure:8112: checking for stdint.h
configure:8112: gcc -c -g -O2  conftest.c >&5
configure:8112: $? = 0
configure:8112: result: yes
configure:8112: checking for unistd.h
configure:8112: gcc -c -g -O2  conftest.c >&5
configure:8112: $? = 0
configure:8112: result: yes
configure:8126: checking for dlfcn.h
configure:8126: gcc -c -g -O2  conftest.c >&5
configure:8126: $? = 0
configure:8126: result: yes
configure:8298: checking for objdir
configure:8313: result: .libs
configure:8580: checking if gcc supports -fno-rtti -fno-exceptions
configure:8598: gcc -c -g -O2  -fno-rtti -fno-exceptions conftest.c >&5
cc1: warning: command-line option '-fno-rtti' is valid for C++/D/ObjC++ but not for C
configure:8602: $? = 0
configure:8615: result: no
configure:8942: checking for gcc option to produce PIC
configure:8949: result: -fPIC -DPIC
configure:8957: checking if gcc PIC flag -fPIC -DPIC works
configure:8975: gcc -c -g -O2  -fPIC -DPIC -DPIC conftest.c >&5
configure:8979: $? = 0
configure:8992: result: yes
configure:9021: checking if gcc static flag -static works
configure:9049: result: yes
configure:9064: checking if gcc supports -c -o file.o
configure:9085: gcc -c -g -O2  -o out/conftest2.o conftest.c >&5
configure:9089: $? = 0
configure:9111: result: yes
configure:9119: checking if gcc supports -c -o file.o
configure:9166: result: yes
configure:9199: checking whether the gcc linker (/usr/bin/ld -m elf_x86_64) supports shared libraries
configure:10356: result: yes
configure:10393: checking whether -lc should be explicitly linked in
configure:10401: gcc -c -g -O2  conftest.c >&5
configure:10404: $? = 0
configure:10419: gcc -shared  -fPIC -DPIC conftest.o  -v -Wl,-soname -Wl,conftest -o conftest 2\>\&1 \| /usr/bin/grep  -lc  \>/dev/null 2\>\&1
configure:10422: $? = 0
configure:10436: result: no
configure:10596: checking dynamic linker characteristics
configure:11096: gcc -o conftest -g -O2   -Wl,-rpath -Wl,/foo conftest.c  >&5
configure:11096: $? = 0
configure:11330: result: GNU/Linux ld.so
configure:11437: checking how to hardcode library paths into programs
configure:11462: result: immediate
configure:11556: checking for shl_load
configure:11556: gcc -o conftest -g -O2   conftest.c  >&5
/usr/bin/ld: /tmp/ccQyFKJ9.o: in function `main':
/home/krone/CSoundWave/libao/conftest.c:57: undefined reference to `shl_load'
collect2: error: ld returned 1 exit status
configure:11556: $? = 1
configure: failed program was:
| /* confdefs.h */
| #define PACKAGE_NAME "libao"
| #define PACKAGE_TARNAME "libao"
| #define PACKAGE_VERSION "1.2.2"
| #define PACKAGE_STRING "libao 1.2.2"
| #define PACKAGE_BUGREPORT "monty@xiph.org"
| #define PACKAGE_URL ""
| #define PACKAGE "libao"
| #define VERSION "1.2.2"
| #define STDC_HEADERS 1
| #define HAVE_SYS_TYPES_H 1
| #define HAVE_SYS_STAT_H 1
| #define HAVE_STDLIB_H 1
| #define HAVE_STRING_H 1
| #define HAVE_MEMORY_H 1
| #define HAVE_STRINGS_H 1
| #define HAVE_INTTYPES_H 1
| #define HAVE_STDINT_H 1
| #define HAVE_UNISTD_H 1
| #define HAVE_DLFCN_H 1
| #define LT_OBJDIR ".libs/"
| /* end confdefs.h.  */
| /* Define shl_load to an innocuous variant, in case <limits.h> declares shl_load.
|    For example, HP-UX 11i <limits.h> declares gettimeofday.  */
| #define shl_load innocuous_shl_load
| 
| /* System header to define __stub macros and hopefully few prototypes,
|     which can conflict with char shl_load (); below.
|     Prefer <limits.h> to <assert.h> if __STDC__ is defined, since
|     <limits.h> exists even on freestanding compilers.  */
| 
| #ifdef __STDC__
| # include <limits.h>
| #else
| # include <assert.h>
| #endif
| 
| #undef shl_load
| 
| /* Override any GCC internal prototype to avoid an error.
|    Use char because int might match the return type of a GCC
|    builtin and then its argument prototype would still apply.  */
| #ifdef __cplusplus
| extern "C"
| #endif
| char shl_load ();
| /* The GNU C library defines this for functions which it implements
|     to always fail with ENOSYS.  Some functions are actually named
|     something starting with __ and the normal name is an alias.  */
| #if defined __stub_shl_load || defined __stub___shl_load
| choke me
| #endif
| 
| int
| main ()
| {
| return shl_load ();
|   ;
|   return 0;
| }
configure:11556: result: no
configure:11560: checking for shl_load in -ldld
configure:11585: gcc -o conftest -g -O2   conftest.c -ldld   >&5
/usr/bin/ld: cannot find -ldld: No such file or directory
collect2: error: ld returned 1 exit status
configure:11585: $? = 1
configure: failed program was:
| /* confdefs.h */
| #define PACKAGE_NAME "libao"
| #define PACKAGE_TARNAME "libao"
| #define PACKAGE_VERSION "1.2.2"
| #define PACKAGE_STRING "libao 1.2.2"
| #define PACKAGE_BUGREPORT "monty@xiph.org"
| #define PACKAGE_URL ""
| #define PACKAGE "libao"
| #define VERSION "1.2.2"
| #define STDC_HEADERS 1
| #define HAVE_SYS_TYPES_H 1
| #define HAVE_SYS_STAT_H 1
| #define HAVE_STDLIB_H 1
| #define HAVE_STRING_H 1
| #define HAVE_MEMORY_H 1
| #define HAVE_STRINGS_H 1
| #define HAVE_INTTYPES_H 1
| #define HAVE_STDINT_H 1
| #define HAVE_UNISTD_H 1
| #define HAVE_DLFCN_H 1
| #define LT_OBJDIR ".libs/"
| /* end confdefs.h.  */
| 
| /* Override any GCC internal prototype to avoid an error.
|    Use char because int might match the return type of a GCC
|    builtin and then its argument prototype would still apply.  */
| #ifdef __cplusplus
| extern "C"
| #endif
| char shl_load ();
| int
| main ()
| {
| return shl_load ();
|   ;
|   return 0;
| }
configure:11594: result: no
configure:11599: checking for dlopen
configure:11599: gcc -o conftest -g -O2   conftest.c  >&5
configure:11599: $? = 0
configure:11599: result: yes
configure:11756: checking whether a program can dlopen itself
configure:11836: gcc -o conftest -g -O2  -DHAVE_DLFCN_H  -Wl,--export-dynamic conftest.c   >&5
configure:11839: $? = 0
configure:11857: result: yes
configure:11862: checking whether a statically linked program can dlopen itself
configure:11942: gcc -o conftest -g -O2  -DHAVE_DLFCN_H  -Wl,--export-dynamic -static conftest.c   >&5
/usr/bin/ld: /tmp/ccJx6btJ.o: in function `main':
/home/krone/CSoundWave/libao/conftest.c:11921: warning: Using 'dlopen' in statically linked applications requires at runtime the shared libraries from the glibc version used for linking
configure:11945: $? = 0
conftest: undefined symbol: _fnord
configure:11963: result: no
configure:12002: checking whether stripping libraries is possible
configure:12007: result: yes
configure:12042: checking if libtool supports shared libraries
configure:12044: result: yes
configure:12047: checking whether to build shared libraries
configure:12068: result: yes
configure:12071: checking whether to build static libraries
configure:12075: result: no
configure:12116: checking for dlfcn.h
configure:12116: result: yes
configure:12121: checking for library containing dlopen
configure:12152: gcc -o conftest -g -O2   conftest.c  >&5
configure:12152: $? = 0
configure:12169: result: none required
configure:12249: checking if libraries can be versioned
configure:12254: result: yes
configure:12273: checking for pthread_kill in -lpthread
configure:12298: gcc -o conftest -O20 -ffast-math -D_REENTRANT -fsigned-char  -DAO_BUILDING_LIBAO   conftest.c -lpthread   >&5
configure:12298: $? = 0
configure:12307: result: yes
configure:12348: checking size of short
configure:12353: gcc -o conftest -O20 -ffast-math -D_REENTRANT -fsigned-char  -DAO_BUILDING_LIBAO   conftest.c -lpthread  >&5
configure:12353: $? = 0
configure:12353: ./conftest
configure:12353: $? = 0
configure:12367: result: 2
configure:12381: checking size of int
configure:12386: gcc -o conftest -O20 -ffast-math -D_REENTRANT -fsigned-char  -DAO_BUILDING_LIBAO   conftest.c -lpthread  >&5
configure:12386: $? = 0
configure:12386: ./conftest
configure:12386: $? = 0
configure:12400: result: 4
configure:12414: checking size of long
configure:12419: gcc -o conftest -O20 -ffast-math -D_REENTRANT -fsigned-char  -DAO_BUILDING_LIBAO   conftest.c -lpthread  >&5
configure:12419: $? = 0
configure:12419: ./conftest
configure:12419: $? = 0
configure:12433: result: 8
configure:12494: checking for mmsystem.h
configure:12494: gcc -c -O20 -ffast-math -D_REENTRANT -fsigned-char  -DAO_BUILDING_LIBAO  conftest.c >&5
conftest.c:31:10: fatal error: windows.h: No such file or directory
   31 | #include <windows.h>
      |          ^~~~~~~~~~~
compilation terminated.
configure:12494: $? = 1
configure: failed program was:
| /* confdefs.h */
| #define PACKAGE_NAME "libao"
| #define PACKAGE_TARNAME "libao"
| #define PACKAGE_VERSION "1.2.2"
| #define PACKAGE_STRING "libao 1.2.2"
| #define PACKAGE_BUGREPORT "monty@xiph.org"
| #define PACKAGE_URL ""
| #define PACKAGE "libao"
| #define VERSION "1.2.2"
| #define STDC_HEADERS 1
| #define HAVE_SYS_TYPES_H 1
| #define HAVE_SYS_STAT_H 1
| #define HAVE_STDLIB_H 1
| #define HAVE_STRING_H 1
| #define HAVE_MEMORY_H 1
| #define HAVE_STRINGS_H 1
| #define HAVE_INTTYPES_H 1
| #define HAVE_STDINT_H 1
| #define HAVE_UNISTD_H 1
| #define HAVE_DLFCN_H 1
| #define LT_OBJDIR ".libs/"
| #define HAVE_DLFCN_H 1
| #define HAVE_DLOPEN 1
| #define HAVE_LIBPTHREAD 1
| #define DLOPEN_FLAG (RTLD_NOW | RTLD_GLOBAL)
| #define SHARED_LIB_EXT ".so"
| #define SIZEOF_SHORT 2
| #define SIZEOF_INT 4
| #define SIZEOF_LONG 8
| /* end confdefs.h.  */
| #include <windows.h>
| 
| #include <mmsystem.h>
configure:12494: result: no
configure:12603: checking for esd-config
configure:12634: result: no
configure:12643: checking for ESD - version >= 0.2.8
configure:12743: result: no
configure:12816: checking sys/soundcard.h usability
configure:12816: gcc -c -O20 -ffast-math -D_REENTRANT -fsigned-char  -DAO_BUILDING_LIBAO  conftest.c >&5
configure:12816: $? = 0
configure:12816: result: yes
configure:12816: checking sys/soundcard.h presence
configure:12816: gcc -E  conftest.c
configure:12816: $? = 0
configure:12816: result: yes
configure:12816: checking for sys/soundcard.h
configure:12816: result: yes
configure:12828: checking machine/soundcard.h usability
configure:12828: gcc -c -O20 -ffast-math -D_REENTRANT -fsigned-char  -DAO_BUILDING_LIBAO  conftest.c >&5
conftest.c:65:10: fatal error: machine/soundcard.h: No such file or directory
   65 | #include <machine/soundcard.h>
      |          ^~~~~~~~~~~~~~~~~~~~~
compilation terminated.
configure:12828: $? = 1
configure: failed program was:
| /* confdefs.h */
| #define PACKAGE_NAME "libao"
| #define PACKAGE_TARNAME "libao"
| #define PACKAGE_VERSION "1.2.2"
| #define PACKAGE_STRING "libao 1.2.2"
| #define PACKAGE_BUGREPORT "monty@xiph.org"
| #define PACKAGE_URL ""
| #define PACKAGE "libao"
| #define VERSION "1.2.2"
| #define STDC_HEADERS 1
| #define HAVE_SYS_TYPES_H 1
| #define HAVE_SYS_STAT_H 1
| #define HAVE_STDLIB_H 1
| #define HAVE_STRING_H 1
| #define HAVE_MEMORY_H 1
| #define HAVE_STRINGS_H 1
| #define HAVE_INTTYPES_H 1
| #define HAVE_STDINT_H 1
| #define HAVE_UNISTD_H 1
| #define HAVE_DLFCN_H 1
| #define LT_OBJDIR ".libs/"
| #define HAVE_DLFCN_H 1
| #define HAVE_DLOPEN 1
| #define HAVE_LIBPTHREAD 1
| #define DLOPEN_FLAG (RTLD_NOW | RTLD_GLOBAL)
| #define SHARED_LIB_EXT ".so"
| #define SIZEOF_SHORT 2
| #define SIZEOF_INT 4
| #define SIZEOF_LONG 8
| #define HAVE_SYS_SOUNDCARD_H 1
| /* end confdefs.h.  */
| #include <stdio.h>
| #ifdef HAVE_SYS_TYPES_H
| # include <sys/types.h>
| #endif
| #ifdef HAVE_SYS_STAT_H
| # include <sys/stat.h>
| #endif
| #ifdef STDC_HEADERS
| # include <stdlib.h>
| # include <stddef.h>
| #else
| # ifdef HAVE_STDLIB_H
| #  include <stdlib.h>
| # endif
| #endif
| #ifdef HAVE_STRING_H
| # if !defined STDC_HEADERS && defined HAVE_MEMORY_H
| #  include <memory.h>
| # endif
| # include <string.h>
| #endif
| #ifdef HAVE_STRINGS_H
| # include <strings.h>
| #endif
| #ifdef HAVE_INTTYPES_H
| # include <inttypes.h>
| #endif
| #ifdef HAVE_STDINT_H
| # include <stdint.h>
| #endif
| #ifdef HAVE_UNISTD_H
| # include <unistd.h>
| #endif
| #include <machine/soundcard.h>
configure:12828: result: no
configure:12828: checking machine/soundcard.h presence
configure:12828: gcc -E  conftest.c
conftest.c:32:10: fatal error: machine/soundcard.h: No such file or directory
   32 | #include <machine/soundcard.h>
      |          ^~~~~~~~~~~~~~~~~~~~~
compilation terminated.
configure:12828: $? = 1
configure: failed program was:
| /* confdefs.h */
| #define PACKAGE_NAME "libao"
| #define PACKAGE_TARNAME "libao"
| #define PACKAGE_VERSION "1.2.2"
| #define PACKAGE_STRING "libao 1.2.2"
| #define PACKAGE_BUGREPORT "monty@xiph.org"
| #define PACKAGE_URL ""
| #define PACKAGE "libao"
| #define VERSION "1.2.2"
| #define STDC_HEADERS 1
| #define HAVE_SYS_TYPES_H 1
| #define HAVE_SYS_STAT_H 1
| #define HAVE_STDLIB_H 1
| #define HAVE_STRING_H 1
| #define HAVE_MEMORY_H 1
| #define HAVE_STRINGS_H 1
| #define HAVE_INTTYPES_H 1
| #define HAVE_STDINT_H 1
| #define HAVE_UNISTD_H 1
| #define HAVE_DLFCN_H 1
| #define LT_OBJDIR ".libs/"
| #define HAVE_DLFCN_H 1
| #define HAVE_DLOPEN 1
| #define HAVE_LIBPTHREAD 1
| #define DLOPEN_FLAG (RTLD_NOW | RTLD_GLOBAL)
| #define SHARED_LIB_EXT ".so"
| #define SIZEOF_SHORT 2
| #define SIZEOF_INT 4
| #define SIZEOF_LONG 8
| #define HAVE_SYS_SOUNDCARD_H 1
| /* end confdefs.h.  */
| #include <machine/soundcard.h>
configure:12828: result: no
configure:12828: checking for machine/soundcard.h
configure:12828: result: no
configure:12865: checking for snd_pcm_open in -lasound
configure:12890: gcc -o conftest -O20 -ffast-math -D_REENTRANT -fsigned-char  -DAO_BUILDING_LIBAO   conftest.c -lasound  -lpthread  >&5
configure:12890: $? = 0
configure:12899: result: yes
configure:12907: checking alsa/asoundlib.h usability
configure:12907: gcc -c -O20 -ffast-math -D_REENTRANT -fsigned-char  -DAO_BUILDING_LIBAO  conftest.c >&5
configure:12907: $? = 0
configure:12907: result: yes
configure:12907: checking alsa/asoundlib.h presence
configure:12907: gcc -E  conftest.c
configure:12907: $? = 0
configure:12907: result: yes
configure:12907: checking for alsa/asoundlib.h
configure:12907: result: yes
configure:12961: WARNING: Broken OSS API workaround enabled.  See README for details.
configure:12969: checking sys/audioio.h usability
configure:12969: gcc -c -O20 -ffast-math -D_REENTRANT -fsigned-char  -DAO_BUILDING_LIBAO  conftest.c >&5
conftest.c:66:10: fatal error: sys/audioio.h: No such file or directory
   66 | #include <sys/audioio.h>
      |          ^~~~~~~~~~~~~~~
compilation terminated.
configure:12969: $? = 1
configure: failed program was:
| /* confdefs.h */
| #define PACKAGE_NAME "libao"
| #define PACKAGE_TARNAME "libao"
| #define PACKAGE_VERSION "1.2.2"
| #define PACKAGE_STRING "libao 1.2.2"
| #define PACKAGE_BUGREPORT "monty@xiph.org"
| #define PACKAGE_URL ""
| #define PACKAGE "libao"
| #define VERSION "1.2.2"
| #define STDC_HEADERS 1
| #define HAVE_SYS_TYPES_H 1
| #define HAVE_SYS_STAT_H 1
| #define HAVE_STDLIB_H 1
| #define HAVE_STRING_H 1
| #define HAVE_MEMORY_H 1
| #define HAVE_STRINGS_H 1
| #define HAVE_INTTYPES_H 1
| #define HAVE_STDINT_H 1
| #define HAVE_UNISTD_H 1
| #define HAVE_DLFCN_H 1
| #define LT_OBJDIR ".libs/"
| #define HAVE_DLFCN_H 1
| #define HAVE_DLOPEN 1
| #define HAVE_LIBPTHREAD 1
| #define DLOPEN_FLAG (RTLD_NOW | RTLD_GLOBAL)
| #define SHARED_LIB_EXT ".so"
| #define SIZEOF_SHORT 2
| #define SIZEOF_INT 4
| #define SIZEOF_LONG 8
| #define HAVE_SYS_SOUNDCARD_H 1
| #define BROKEN_OSS 1
| /* end confdefs.h.  */
| #include <stdio.h>
| #ifdef HAVE_SYS_TYPES_H
| # include <sys/types.h>
| #endif
| #ifdef HAVE_SYS_STAT_H
| # include <sys/stat.h>
| #endif
| #ifdef STDC_HEADERS
| # include <stdlib.h>
| # include <stddef.h>
| #else
| # ifdef HAVE_STDLIB_H
| #  include <stdlib.h>
| # endif
| #endif
| #ifdef HAVE_STRING_H
| # if !defined STDC_HEADERS && defined HAVE_MEMORY_H
| #  include <memory.h>
| # endif
| # include <string.h>
| #endif
| #ifdef HAVE_STRINGS_H
| # include <strings.h>
| #endif
| #ifdef HAVE_INTTYPES_H
| # include <inttypes.h>
| #endif
| #ifdef HAVE_STDINT_H
| # include <stdint.h>
| #endif
| #ifdef HAVE_UNISTD_H
| # include <unistd.h>
| #endif
| #include <sys/audioio.h>
configure:12969: result: no
configure:12969: checking sys/audioio.h presence
configure:12969: gcc -E  conftest.c
conftest.c:33:10: fatal error: sys/audioio.h: No such file or directory
   33 | #include <sys/audioio.h>
      |          ^~~~~~~~~~~~~~~
compilation terminated.
configure:12969: $? = 1
configure: failed program was:
| /* confdefs.h */
| #define PACKAGE_NAME "libao"
| #define PACKAGE_TARNAME "libao"
| #define PACKAGE_VERSION "1.2.2"
| #define PACKAGE_STRING "libao 1.2.2"
| #define PACKAGE_BUGREPORT "monty@xiph.org"
| #define PACKAGE_URL ""
| #define PACKAGE "libao"
| #define VERSION "1.2.2"
| #define STDC_HEADERS 1
| #define HAVE_SYS_TYPES_H 1
| #define HAVE_SYS_STAT_H 1
| #define HAVE_STDLIB_H 1
| #define HAVE_STRING_H 1
| #define HAVE_MEMORY_H 1
| #define HAVE_STRINGS_H 1
| #define HAVE_INTTYPES_H 1
| #define HAVE_STDINT_H 1
| #define HAVE_UNISTD_H 1
| #define HAVE_DLFCN_H 1
| #define LT_OBJDIR ".libs/"
| #define HAVE_DLFCN_H 1
| #define HAVE_DLOPEN 1
| #define HAVE_LIBPTHREAD 1
| #define DLOPEN_FLAG (RTLD_NOW | RTLD_GLOBAL)
| #define SHARED_LIB_EXT ".so"
| #define SIZEOF_SHORT 2
| #define SIZEOF_INT 4
| #define SIZEOF_LONG 8
| #define HAVE_SYS_SOUNDCARD_H 1
| #define BROKEN_OSS 1
| /* end confdefs.h.  */
| #include <sys/audioio.h>
configure:12969: result: no
configure:12969: checking for sys/audioio.h
configure:12969: result: no
configure:12992: checking sndio.h usability
configure:12992: gcc -c -O20 -ffast-math -D_REENTRANT -fsigned-char  -DAO_BUILDING_LIBAO  conftest.c >&5
configure:12992: $? = 0
configure:12992: result: yes
configure:12992: checking sndio.h presence
configure:12992: gcc -E  conftest.c
configure:12992: $? = 0
configure:12992: result: yes
configure:12992: checking for sndio.h
configure:12992: result: yes
configure:13015: checking libroar/config.h usability
configure:13015: gcc -c -O20 -ffast-math -D_REENTRANT -fsigned-char  -DAO_BUILDING_LIBAO  conftest.c >&5
conftest.c:67:10: fatal error: libroar/config.h: No such file or directory
   67 | #include <libroar/config.h>
      |          ^~~~~~~~~~~~~~~~~~
compilation terminated.
configure:13015: $? = 1
configure: failed program was:
| /* confdefs.h */
| #define PACKAGE_NAME "libao"
| #define PACKAGE_TARNAME "libao"
| #define PACKAGE_VERSION "1.2.2"
| #define PACKAGE_STRING "libao 1.2.2"
| #define PACKAGE_BUGREPORT "monty@xiph.org"
| #define PACKAGE_URL ""
| #define PACKAGE "libao"
| #define VERSION "1.2.2"
| #define STDC_HEADERS 1
| #define HAVE_SYS_TYPES_H 1
| #define HAVE_SYS_STAT_H 1
| #define HAVE_STDLIB_H 1
| #define HAVE_STRING_H 1
| #define HAVE_MEMORY_H 1
| #define HAVE_STRINGS_H 1
| #define HAVE_INTTYPES_H 1
| #define HAVE_STDINT_H 1
| #define HAVE_UNISTD_H 1
| #define HAVE_DLFCN_H 1
| #define LT_OBJDIR ".libs/"
| #define HAVE_DLFCN_H 1
| #define HAVE_DLOPEN 1
| #define HAVE_LIBPTHREAD 1
| #define DLOPEN_FLAG (RTLD_NOW | RTLD_GLOBAL)
| #define SHARED_LIB_EXT ".so"
| #define SIZEOF_SHORT 2
| #define SIZEOF_INT 4
| #define SIZEOF_LONG 8
| #define HAVE_SYS_SOUNDCARD_H 1
| #define BROKEN_OSS 1
| #define HAVE_SNDIO_H 1
| /* end confdefs.h.  */
| #include <stdio.h>
| #ifdef HAVE_SYS_TYPES_H
| # include <sys/types.h>
| #endif
| #ifdef HAVE_SYS_STAT_H
| # include <sys/stat.h>
| #endif
| #ifdef STDC_HEADERS
| # include <stdlib.h>
| # include <stddef.h>
| #else
| # ifdef HAVE_STDLIB_H
| #  include <stdlib.h>
| # endif
| #endif
| #ifdef HAVE_STRING_H
| # if !defined STDC_HEADERS && defined HAVE_MEMORY_H
| #  include <memory.h>
| # endif
| # include <string.h>
| #endif
| #ifdef HAVE_STRINGS_H
| # include <strings.h>
| #endif
| #ifdef HAVE_INTTYPES_H
| # include <inttypes.h>
| #endif
| #ifdef HAVE_STDINT_H
| # include <stdint.h>
| #endif
| #ifdef HAVE_UNISTD_H
| # include <unistd.h>
| #endif
| #include <libroar/config.h>
configure:13015: result: no
configure:13015: checking libroar/config.h presence
configure:13015: gcc -E  conftest.c
conftest.c:34:10: fatal error: libroar/config.h: No such file or directory
   34 | #include <libroar/config.h>
      |          ^~~~~~~~~~~~~~~~~~
compilation terminated.
configure:13015: $? = 1
configure: failed program was:
| /* confdefs.h */
| #define PACKAGE_NAME "libao"
| #define PACKAGE_TARNAME "libao"
| #define PACKAGE_VERSION "1.2.2"
| #define PACKAGE_STRING "libao 1.2.2"
| #define PACKAGE_BUGREPORT "monty@xiph.org"
| #define PACKAGE_URL ""
| #define PACKAGE "libao"
| #define VERSION "1.2.2"
| #define STDC_HEADERS 1
| #define HAVE_SYS_TYPES_H 1
| #define HAVE_SYS_STAT_H 1
| #define HAVE_STDLIB_H 1
| #define HAVE_STRING_H 1
| #define HAVE_MEMORY_H 1
| #define HAVE_STRINGS_H 1
| #define HAVE_INTTYPES_H 1
| #define HAVE_STDINT_H 1
| #define HAVE_UNISTD_H 1
| #define HAVE_DLFCN_H 1
| #define LT_OBJDIR ".libs/"
| #define HAVE_DLFCN_H 1
| #define HAVE_DLOPEN 1
| #define HAVE_LIBPTHREAD 1
| #define DLOPEN_FLAG (RTLD_NOW | RTLD_GLOBAL)
| #define SHARED_LIB_EXT ".so"
| #define SIZEOF_SHORT 2
| #define SIZEOF_INT 4
| #define SIZEOF_LONG 8
| #define HAVE_SYS_SOUNDCARD_H 1
| #define BROKEN_OSS 1
| #define HAVE_SNDIO_H 1
| /* end confdefs.h.  */
| #include <libroar/config.h>
configure:13015: result: no
configure:13015: checking for libroar/config.h
configure:13015: result: no
configure:13104: checking for artsc-config
configure:13137: result: no
configure:13359: checking for X
configure:13467: gcc -E  conftest.c
configure:13467: $? = 0
configure:13498: gcc -o conftest -O20 -ffast-math -D_REENTRANT -fsigned-char  -DAO_BUILDING_LIBAO   conftest.c -lX11 -lpthread  >&5
configure:13498: $? = 0
configure:13548: result: libraries , headers 
configure:13647: gcc -o conftest -O20 -ffast-math -D_REENTRANT -fsigned-char  -DAO_BUILDING_LIBAO   conftest.c -lpthread   -lX11 >&5
configure:13647: $? = 0
configure:13745: checking for gethostbyname
configure:13745: gcc -o conftest -O20 -ffast-math -D_REENTRANT -fsigned-char  -DAO_BUILDING_LIBAO   conftest.c -lpthread  >&5
configure:13745: $? = 0
configure:13745: result: yes
configure:13842: checking for connect
configure:13842: gcc -o conftest -O20 -ffast-math -D_REENTRANT -fsigned-char  -DAO_BUILDING_LIBAO   conftest.c -lpthread  >&5
configure:13842: $? = 0
configure:13842: result: yes
configure:13891: checking for remove
configure:13891: gcc -o conftest -O20 -ffast-math -D_REENTRANT -fsigned-char  -DAO_BUILDING_LIBAO   conftest.c -lpthread  >&5
configure:13891: $? = 0
configure:13891: result: yes
configure:13940: checking for shmat
configure:13940: gcc -o conftest -O20 -ffast-math -D_REENTRANT -fsigned-char  -DAO_BUILDING_LIBAO   conftest.c -lpthread  >&5
configure:13940: $? = 0
configure:13940: result: yes
configure:13998: checking for IceConnectionNumber in -lICE
configure:14023: gcc -o conftest -O20 -ffast-math -D_REENTRANT -fsigned-char  -DAO_BUILDING_LIBAO   conftest.c -lICE  -lpthread  >&5
configure:14023: $? = 0
configure:14032: result: yes
configure:14042: checking for XauFileName in -lXau
configure:14067: gcc -o conftest -O20 -ffast-math -D_REENTRANT -fsigned-char  -DAO_BUILDING_LIBAO   conftest.c -lXau  -lpthread  >&5
configure:14067: $? = 0
configure:14076: result: yes
configure:14084: checking for AuOpenServer in -laudio
configure:14109: gcc -o conftest -O20 -ffast-math -D_REENTRANT -fsigned-char  -DAO_BUILDING_LIBAO   conftest.c -laudio -lXau  -lpthread  >&5
/usr/bin/ld: cannot find -laudio: No such file or directory
collect2: error: ld returned 1 exit status
configure:14109: $? = 1
configure: failed program was:
| /* confdefs.h */
| #define PACKAGE_NAME "libao"
| #define PACKAGE_TARNAME "libao"
| #define PACKAGE_VERSION "1.2.2"
| #define PACKAGE_STRING "libao 1.2.2"
| #define PACKAGE_BUGREPORT "monty@xiph.org"
| #define PACKAGE_URL ""
| #define PACKAGE "libao"
| #define VERSION "1.2.2"
| #define STDC_HEADERS 1
| #define HAVE_SYS_TYPES_H 1
| #define HAVE_SYS_STAT_H 1
| #define HAVE_STDLIB_H 1
| #define HAVE_STRING_H 1
| #define HAVE_MEMORY_H 1
| #define HAVE_STRINGS_H 1
| #define HAVE_INTTYPES_H 1
| #define HAVE_STDINT_H 1
| #define HAVE_UNISTD_H 1
| #define HAVE_DLFCN_H 1
| #define LT_OBJDIR ".libs/"
| #define HAVE_DLFCN_H 1
| #define HAVE_DLOPEN 1
| #define HAVE_LIBPTHREAD 1
| #define DLOPEN_FLAG (RTLD_NOW | RTLD_GLOBAL)
| #define SHARED_LIB_EXT ".so"
| #define SIZEOF_SHORT 2
| #define SIZEOF_INT 4
| #define SIZEOF_LONG 8
| #define HAVE_SYS_SOUNDCARD_H 1
| #define BROKEN_OSS 1
| #define HAVE_SNDIO_H 1
| /* end confdefs.h.  */
| 
| /* Override any GCC internal prototype to avoid an error.
|    Use char because int might match the return type of a GCC
|    builtin and then its argument prototype would still apply.  */
| #ifdef __cplusplus
| extern "C"
| #endif
| char AuOpenServer ();
| int
| main ()
| {
| return AuOpenServer ();
|   ;
|   return 0;
| }
configure:14118: result: no
configure:14129: checking audio/audiolib.h usability
configure:14129: gcc -c -O20 -ffast-math -D_REENTRANT -fsigned-char  -DAO_BUILDING_LIBAO   conftest.c >&5
conftest.c:67:10: fatal error: audio/audiolib.h: No such file or directory
   67 | #include <audio/audiolib.h>
      |          ^~~~~~~~~~~~~~~~~~
compilation terminated.
configure:14129: $? = 1
configure: failed program was:
| /* confdefs.h */
| #define PACKAGE_NAME "libao"
| #define PACKAGE_TARNAME "libao"
| #define PACKAGE_VERSION "1.2.2"
| #define PACKAGE_STRING "libao 1.2.2"
| #define PACKAGE_BUGREPORT "monty@xiph.org"
| #define PACKAGE_URL ""
| #define PACKAGE "libao"
| #define VERSION "1.2.2"
| #define STDC_HEADERS 1
| #define HAVE_SYS_TYPES_H 1
| #define HAVE_SYS_STAT_H 1
| #define HAVE_STDLIB_H 1
| #define HAVE_STRING_H 1
| #define HAVE_MEMORY_H 1
| #define HAVE_STRINGS_H 1
| #define HAVE_INTTYPES_H 1
| #define HAVE_STDINT_H 1
| #define HAVE_UNISTD_H 1
| #define HAVE_DLFCN_H 1
| #define LT_OBJDIR ".libs/"
| #define HAVE_DLFCN_H 1
| #define HAVE_DLOPEN 1
| #define HAVE_LIBPTHREAD 1
| #define DLOPEN_FLAG (RTLD_NOW | RTLD_GLOBAL)
| #define SHARED_LIB_EXT ".so"
| #define SIZEOF_SHORT 2
| #define SIZEOF_INT 4
| #define SIZEOF_LONG 8
| #define HAVE_SYS_SOUNDCARD_H 1
| #define BROKEN_OSS 1
| #define HAVE_SNDIO_H 1
| /* end confdefs.h.  */
| #include <stdio.h>
| #ifdef HAVE_SYS_TYPES_H
| # include <sys/types.h>
| #endif
| #ifdef HAVE_SYS_STAT_H
| # include <sys/stat.h>
| #endif
| #ifdef STDC_HEADERS
| # include <stdlib.h>
| # include <stddef.h>
| #else
| # ifdef HAVE_STDLIB_H
| #  include <stdlib.h>
| # endif
| #endif
| #ifdef HAVE_STRING_H
| # if !defined STDC_HEADERS && defined HAVE_MEMORY_H
| #  include <memory.h>
| # endif
| # include <string.h>
| #endif
| #ifdef HAVE_STRINGS_H
| # include <strings.h>
| #endif
| #ifdef HAVE_INTTYPES_H
| # include <inttypes.h>
| #endif
| #ifdef HAVE_STDINT_H
| # include <stdint.h>
| #endif
| #ifdef HAVE_UNISTD_H
| # include <unistd.h>
| #endif
| #include <audio/audiolib.h>
configure:14129: result: no
configure:14129: checking audio/audiolib.h presence
configure:14129: gcc -E   conftest.c
conftest.c:34:10: fatal error: audio/audiolib.h: No such file or directory
   34 | #include <audio/audiolib.h>
      |          ^~~~~~~~~~~~~~~~~~
compilation terminated.
configure:14129: $? = 1
configure: failed program was:
| /* confdefs.h */
| #define PACKAGE_NAME "libao"
| #define PACKAGE_TARNAME "libao"
| #define PACKAGE_VERSION "1.2.2"
| #define PACKAGE_STRING "libao 1.2.2"
| #define PACKAGE_BUGREPORT "monty@xiph.org"
| #define PACKAGE_URL ""
| #define PACKAGE "libao"
| #define VERSION "1.2.2"
| #define STDC_HEADERS 1
| #define HAVE_SYS_TYPES_H 1
| #define HAVE_SYS_STAT_H 1
| #define HAVE_STDLIB_H 1
| #define HAVE_STRING_H 1
| #define HAVE_MEMORY_H 1
| #define HAVE_STRINGS_H 1
| #define HAVE_INTTYPES_H 1
| #define HAVE_STDINT_H 1
| #define HAVE_UNISTD_H 1
| #define HAVE_DLFCN_H 1
| #define LT_OBJDIR ".libs/"
| #define HAVE_DLFCN_H 1
| #define HAVE_DLOPEN 1
| #define HAVE_LIBPTHREAD 1
| #define DLOPEN_FLAG (RTLD_NOW | RTLD_GLOBAL)
| #define SHARED_LIB_EXT ".so"
| #define SIZEOF_SHORT 2
| #define SIZEOF_INT 4
| #define SIZEOF_LONG 8
| #define HAVE_SYS_SOUNDCARD_H 1
| #define BROKEN_OSS 1
| #define HAVE_SNDIO_H 1
| /* end confdefs.h.  */
| #include <audio/audiolib.h>
configure:14129: result: no
configure:14129: checking for audio/audiolib.h
configure:14129: result: no
configure:14176: checking for pkg-config
configure:14194: found /usr/bin/pkg-config
configure:14207: result: /usr/bin/pkg-config
configure:14225: checking for  libpulse-simple >= 0.9 
configure:14229: result: yes
configure:14233: checking PULSE_CFLAGS
configure:14236: result: -D_REENTRANT 
configure:14239: checking PULSE_LIBS
configure:14242: result: -lpulse-simple -lpulse -pthread 
configure:14430: checking that generated files are newer than configure
configure:14436: result: done
configure:14523: creating ./config.status

## ---------------------- ##
## Running config.status. ##
## ---------------------- ##

This file was extended by libao config.status 1.2.2, which was
generated by GNU Autoconf 2.69.  Invocation command line was

  CONFIG_FILES    = 
  CONFIG_HEADERS  = 
  CONFIG_LINKS    = 
  CONFIG_COMMANDS = 
  $ ./config.status 

on krone

config.status:1092: creating Makefile
config.status:1092: creating src/Makefile
config.status:1092: creating doc/Makefile
config.status:1092: creating include/Makefile
config.status:1092: creating include/ao/Makefile
config.status:1092: creating include/ao/os_types.h
config.status:1092: creating src/plugins/Makefile
config.status:1092: creating src/plugins/esd/Makefile
config.status:1092: creating src/plugins/oss/Makefile
config.status:1092: creating src/plugins/alsa/Makefile
config.status:1092: creating src/plugins/sun/Makefile
config.status:1092: creating src/plugins/irix/Makefile
config.status:1092: creating src/plugins/arts/Makefile
config.status:1092: creating src/plugins/macosx/Makefile
config.status:1092: creating src/plugins/nas/Makefile
config.status:1092: creating src/plugins/pulse/Makefile
config.status:1092: creating src/plugins/sndio/Makefile
config.status:1092: creating src/plugins/roar/Makefile
config.status:1092: creating ao.pc
config.status:1264: executing depfiles commands
config.status:1264: executing libtool commands
configure:16735: result:
------------------------------------------------------------------------
  libao 1.2.2:  Automatic configuration OK.

  Backends to be built:

    AU file output: .............. yes
    RAW file output: ............. yes
    WAV file output: ............. yes

    AIX live output: ............. no
    ALSA live output: ............ yes
    ARTS live output: ............ no
    ESD live output: ............. no
    IRIX live output: ............ no
    MACOSX live output: .......... no
    NAS live output: ............. no
    NULL live output: ............ yes
    OSS live output: ............. yes
    PULSE live output: ........... yes
    ROAR live output: ............ no
    SNDIO live output: ........... yes
    SUN live output: ............. no
    Windows WMM live output: ..... no

  Installation paths:

    libao: ....................... /home/krone/CSoundWave/libao/../vendor/libao_1.2.2/lib
    C header files: .............. /home/krone/CSoundWave/libao/../vendor/libao_1.2.2/include/ao
    Documentation: ............... /home/krone/CSoundWave/libao/../vendor/libao_1.2.2/share/doc/libao

  Building:

    Type 'make' to compile libao.

    Type 'make install' to install libao.

------------------------------------------------------------------------


## ---------------- ##
## Cache variables. ##
## ---------------- ##

ac_cv_build=x86_64-unknown-linux-gnu
ac_cv_c_compiler_gnu=yes
ac_cv_env_CC_set=
ac_cv_env_CC_value=
ac_cv_env_CFLAGS_set=
ac_cv_env_CFLAGS_value=
ac_cv_env_CPPFLAGS_set=
ac_cv_env_CPPFLAGS_value=
ac_cv_env_CPP_set=
ac_cv_env_CPP_value=
ac_cv_env_LDFLAGS_set=
ac_cv_env_LDFLAGS_value=
ac_cv_env_LIBS_set=
ac_cv_env_LIBS_value=
ac_cv_env_XMKMF_set=
ac_cv_env_XMKMF_value=
ac_cv_env_build_alias_set=
ac_cv_env_build_alias_value=
ac_cv_env_host_alias_set=
ac_cv_env_host_alias_value=
ac_cv_env_target_alias_set=
ac_cv_env_target_alias_value=
ac_cv_func_connect=yes
ac_cv_func_dlopen=yes
ac_cv_func_gethostbyname=yes
ac_cv_func_remove=yes
ac_cv_func_shl_load=no
ac_cv_func_shmat=yes
ac_cv_have_x='have_x=yes	ac_x_includes='\'''\''	ac_x_libraries='\'''\'''
ac_cv_header_alsa_asoundlib_h=yes
ac_cv_header_audio_audiolib_h=no
ac_cv_header_dlfcn_h=yes
ac_cv_header_inttypes_h=yes
ac_cv_header_libroar_config_h=no
ac_cv_header_machine_soundcard_h=no
ac_cv_header_memory_h=yes
ac_cv_header_mmsystem_h=no
ac_cv_header_sndio_h=yes
ac_cv_header_stdc=yes
ac_cv_header_stdint_h=yes
ac_cv_header_stdlib_h=yes
ac_cv_header_string_h=yes
ac_cv_header_strings_h=yes
ac_cv_header_sys_audioio_h=no
ac_cv_header_sys_soundcard_h=yes
ac_cv_header_sys_stat_h=yes
ac_cv_header_sys_types_h=yes
ac_cv_header_unistd_h=yes
ac_cv_host=x86_64-unknown-linux-gnu
ac_cv_lib_ICE_IceConnectionNumber=yes
ac_cv_lib_Xau_XauFileName=yes
ac_cv_lib_asound_snd_pcm_open=yes
ac_cv_lib_audio_AuOpenServer=no
ac_cv_lib_dld_shl_load=no
ac_cv_lib_pthread_pthread_kill=yes
ac_cv_objext=o
ac_cv_path_EGREP='/usr/bin/grep -E'
ac_cv_path_ESD_CONFIG=no
ac_cv_path_FGREP='/usr/bin/grep -F'
ac_cv_path_GREP=/usr/bin/grep
ac_cv_path_PKG_CONFIG=/usr/bin/pkg-config
ac_cv_path_SED=/usr/bin/sed
ac_cv_path_install='/usr/bin/install -c'
ac_cv_path_mkdir=/usr/bin/mkdir
ac_cv_prog_AWK=gawk
ac_cv_prog_CPP='gcc -E'
ac_cv_prog_ac_ct_AR=ar
ac_cv_prog_ac_ct_CC=gcc
ac_cv_prog_ac_ct_DLLTOOL=dlltool
ac_cv_prog_ac_ct_MANIFEST_TOOL=mt
ac_cv_prog_ac_ct_OBJDUMP=objdump
ac_cv_prog_ac_ct_RANLIB=ranlib
ac_cv_prog_ac_ct_STRIP=strip
ac_cv_prog_cc_c89=
ac_cv_prog_cc_g=yes
ac_cv_prog_make_make_set=yes
ac_cv_search_dlopen='none required'
ac_cv_sizeof_int=4
ac_cv_sizeof_long=8
ac_cv_sizeof_short=2
am_cv_CC_dependencies_compiler_type=gcc3
am_cv_make_support_nested_variables=yes
am_cv_prog_cc_c_o=yes
lt_cv_ar_at_file=@
lt_cv_archive_cmds_need_lc=no
lt_cv_deplibs_check_method=pass_all
lt_cv_dlopen=dlopen
lt_cv_dlopen_libs=
lt_cv_dlopen_self=yes
lt_cv_dlopen_self_static=no
lt_cv_file_magic_cmd='$MAGIC_CMD'
lt_cv_file_magic_test_file=
lt_cv_ld_reload_flag=-r
lt_cv_nm_interface='BSD nm'
lt_cv_objdir=.libs
lt_cv_path_LD=/usr/bin/ld
lt_cv_path_NM='/usr/bin/nm -B'
lt_cv_path_mainfest_tool=no
lt_cv_prog_compiler_c_o=yes
lt_cv_prog_compiler_pic='-fPIC -DPIC'
lt_cv_prog_compiler_pic_works=yes
lt_cv_prog_compiler_rtti_exceptions=no
lt_cv_prog_compiler_static_works=yes
lt_cv_prog_gnu_ld=yes
lt_cv_sharedlib_from_linklib_cmd='printf %s\n'
lt_cv_shlibpath_overrides_runpath=yes
lt_cv_sys_global_symbol_pipe='sed -n -e '\''s/^.*[	 ]\([ABCDGIRSTW][ABCDGIRSTW]*\)[	 ][	 ]*\([_A-Za-z][_A-Za-z0-9]*\)$/\1 \2 \2/p'\'' | sed '\''/ __gnu_lto/d'\'''
lt_cv_sys_global_symbol_to_c_name_address='sed -n -e '\''s/^: \([^ ]*\)[ ]*$/  {\"\1\", (void *) 0},/p'\'' -e '\''s/^[ABCDGIRSTW]* \([^ ]*\) \([^ ]*\)$/  {"\2", (void *) \&\2},/p'\'''
lt_cv_sys_global_symbol_to_c_name_address_lib_prefix='sed -n -e '\''s/^: \([^ ]*\)[ ]*$/  {\"\1\", (void *) 0},/p'\'' -e '\''s/^[ABCDGIRSTW]* \([^ ]*\) \(lib[^ ]*\)$/  {"\2", (void *) \&\2},/p'\'' -e '\''s/^[ABCDGIRSTW]* \([^ ]*\) \([^ ]*\)$/  {"lib\2", (void *) \&\2},/p'\'''
lt_cv_sys_global_symbol_to_cdecl='sed -n -e '\''s/^T .* \(.*\)$/extern int \1();/p'\'' -e '\''s/^[ABCDGIRSTW]* .* \(.*\)$/extern char \1;/p'\'''
lt_cv_sys_max_cmd_len=1572864
lt_cv_to_host_file_cmd=func_convert_file_noop
lt_cv_to_tool_file_cmd=func_convert_file_noop

## ----------------- ##
## Output variables. ##
## ----------------- ##

ACLOCAL='${SHELL} /home/krone/CSoundWave/libao/missing aclocal-1.14'
ALSA_LIBS='-lasound'
AMDEPBACKSLASH='\'
AMDEP_FALSE='#'
AMDEP_TRUE=''
AMTAR='$${TAR-tar}'
AM_BACKSLASH='\'
AM_DEFAULT_V='$(AM_DEFAULT_VERBOSITY)'
AM_DEFAULT_VERBOSITY='0'
AM_V='$(V)'
AR='ar'
ARTSC_CONFIG=''
ARTSGLIB_CFLAGS=''
ARTSGLIB_LIBS=''
ARTS_CFLAGS=''
ARTS_LIBS=''
AS='as'
AUTOCONF='${SHELL} /home/krone/CSoundWave/libao/missing autoconf'
AUTOHEADER='${SHELL} /home/krone/CSoundWave/libao/missing autoheader'
AUTOMAKE='${SHELL} /home/krone/CSoundWave/libao/missing automake-1.14'
AWK='gawk'
BINDIR='/home/krone/CSoundWave/libao/../vendor/libao_1.2.2/bin'
CC='gcc'
CCDEPMODE='depmode=gcc3'
CFLAGS='-O20 -ffast-math -D_REENTRANT -fsigned-char  -DAO_BUILDING_LIBAO'
CPP='gcc -E'
CPPFLAGS=''
CYGPATH_W='echo'
DEBUG='-g -Wall -D_REENTRANT -D__NO_MATH_INLINES -fsigned-char  -DAO_BUILDING_LIBAO'
DEFS='-DPACKAGE_NAME=\"libao\" -DPACKAGE_TARNAME=\"libao\" -DPACKAGE_VERSION=\"1.2.2\" -DPACKAGE_STRING=\"libao\ 1.2.2\" -DPACKAGE_BUGREPORT=\"monty@xiph.org\" -DPACKAGE_URL=\"\" -DPACKAGE=\"libao\" -DVERSION=\"1.2.2\" -DSTDC_HEADERS=1 -DHAVE_SYS_TYPES_H=1 -DHAVE_SYS_STAT_H=1 -DHAVE_STDLIB_H=1 -DHAVE_STRING_H=1 -DHAVE_MEMORY_H=1 -DHAVE_STRINGS_H=1 -DHAVE_INTTYPES_H=1 -DHAVE_STDINT_H=1 -DHAVE_UNISTD_H=1 -DHAVE_DLFCN_H=1 -DLT_OBJDIR=\".libs/\" -DHAVE_DLFCN_H=1 -DHAVE_DLOPEN=1 -DHAVE_LIBPTHREAD=1 -DDLOPEN_FLAG=\(RTLD_NOW\ \|\ RTLD_GLOBAL\) -DSHARED_LIB_EXT=\".so\" -DSIZEOF_SHORT=2 -DSIZEOF_INT=4 -DSIZEOF_LONG=8 -DHAVE_SYS_SOUNDCARD_H=1 -DBROKEN_OSS=1 -DHAVE_SNDIO_H=1'
DEPDIR='.deps'
DLLTOOL='dlltool'
DOCDIR='/home/krone/CSoundWave/libao/../vendor/libao_1.2.2/share/doc/libao'
DSYMUTIL=''
DUMPBIN=''
ECHO_C=''
ECHO_N='-n'
ECHO_T=''
EGREP='/usr/bin/grep -E'
ESD_CFLAGS=''
ESD_CONFIG='no'
ESD_LIBS=''
EXEEXT=''
FGREP='/usr/bin/grep -F'
GREP='/usr/bin/grep'
HAVE_AIX_AUDIO_FALSE=''
HAVE_AIX_AUDIO_TRUE='#'
HAVE_ALSA_FALSE='#'
HAVE_ALSA_TRUE=''
HAVE_ARTS_FALSE=''
HAVE_ARTS_TRUE='#'
HAVE_ESD_FALSE=''
HAVE_ESD_TRUE='#'
HAVE_IRIX_FALSE=''
HAVE_IRIX_TRUE='#'
HAVE_LD_VERSION_SCRIPT_FALSE='#'
HAVE_LD_VERSION_SCRIPT_TRUE=''
HAVE_MACOSX_FALSE=''
HAVE_MACOSX_TRUE='#'
HAVE_NAS_FALSE=''
HAVE_NAS_TRUE='#'
HAVE_OSS_FALSE='#'
HAVE_OSS_TRUE=''
HAVE_PULSE_FALSE='#'
HAVE_PULSE_TRUE=''
HAVE_ROAR_AUDIO_FALSE=''
HAVE_ROAR_AUDIO_TRUE='#'
HAVE_SNDIO_AUDIO_FALSE='#'
HAVE_SNDIO_AUDIO_TRUE=''
HAVE_SOLARIS_FALSE=''
HAVE_SOLARIS_TRUE='#'
HAVE_SUN_AUDIO_FALSE=''
HAVE_SUN_AUDIO_TRUE='#'
HAVE_WMM_FALSE=''
HAVE_WMM_TRUE='#'
INCLUDEDIR='/home/krone/CSoundWave/libao/../vendor/libao_1.2.2/include'
INSTALL_DATA='${INSTALL} -m 644'
INSTALL_PROGRAM='${INSTALL}'
INSTALL_SCRIPT='${INSTALL}'
INSTALL_STRIP_PROGRAM='$(install_sh) -c -s'
LD='/usr/bin/ld -m elf_x86_64'
LDFLAGS=''
LIBAO_LA_LDFLAGS=''
LIBDIR='/home/krone/CSoundWave/libao/../vendor/libao_1.2.2/lib'
LIBOBJS=''
LIBS='-lpthread '
LIBTOOL='$(SHELL) $(top_builddir)/libtool'
LIB_AGE='1'
LIB_CURRENT='5'
LIB_REVISION='1'
LIPO=''
LN_S='ln -s'
LTLIBOBJS=''
MAINT='#'
MAINTAINER_MODE_FALSE=''
MAINTAINER_MODE_TRUE='#'
MAKEINFO='${SHELL} /home/krone/CSoundWave/libao/missing makeinfo'
MANIFEST_TOOL=':'
MKDIR_P='/usr/bin/mkdir -p'
NAS_CFLAGS=''
NAS_LIBS=''
NM='/usr/bin/nm -B'
NMEDIT=''
OBJDUMP='objdump'
OBJEXT='o'
OTOOL64=''
OTOOL=''
PACKAGE='libao'
PACKAGE_BUGREPORT='monty@xiph.org'
PACKAGE_NAME='libao'
PACKAGE_STRING='libao 1.2.2'
PACKAGE_TARNAME='libao'
PACKAGE_URL=''
PACKAGE_VERSION='1.2.2'
PATH_SEPARATOR=':'
PKG_CONFIG='/usr/bin/pkg-config'
PLUGIN_LDFLAGS='-export-dynamic -avoid-version'
PROFILE='-pg -g -O20 -ffast-math -D_REENTRANT -fsigned-char  -DAO_BUILDING_LIBAO'
PULSE_CFLAGS='-D_REENTRANT '
PULSE_LIBS='-lpulse-simple -lpulse -pthread '
RANLIB='ranlib'
SED='/usr/bin/sed'
SET_MAKE=''
SHELL='/bin/bash'
SIZE16='short'
SIZE32='int'
SLP_DEF='-DROAR_LIBROAR_CONFIG_WAS_NO_SLP'
STRIP='strip'
VERSION='1.2.2'
WMM_LIBS=''
XMKMF=''
X_CFLAGS=''
X_EXTRA_LIBS=''
X_LIBS=''
X_PRE_LIBS=' -lSM -lICE'
ac_ct_AR='ar'
ac_ct_CC='gcc'
ac_ct_DUMPBIN=''
am__EXEEXT_FALSE=''
am__EXEEXT_TRUE='#'
am__fastdepCC_FALSE='#'
am__fastdepCC_TRUE=''
am__include='include'
am__isrc=''
am__leading_dot='.'
am__nodep='_no'
am__quote=''
am__tar='$${TAR-tar} chof - "$$tardir"'
am__untar='$${TAR-tar} xf -'
bindir='${exec_prefix}/bin'
build='x86_64-unknown-linux-gnu'
build_alias=''
build_cpu='x86_64'
build_os='linux-gnu'
build_vendor='unknown'
datadir='${datarootdir}'
datarootdir='${prefix}/share'
docdir='${datarootdir}/doc/${PACKAGE_TARNAME}'
dvidir='${docdir}'
exec_prefix='${prefix}'
host='x86_64-unknown-linux-gnu'
host_alias=''
host_cpu='x86_64'
host_os='linux-gnu'
host_vendor='unknown'
htmldir='${docdir}'
includedir='${prefix}/include'
infodir='${datarootdir}/info'
install_sh='${SHELL} /home/krone/CSoundWave/libao/install-sh'
libdir='${exec_prefix}/lib'
libexecdir='${exec_prefix}/libexec'
localedir='${datarootdir}/locale'
localstatedir='${prefix}/var'
mandir='${datarootdir}/man'
mkdir_p='$(MKDIR_P)'
oldincludedir='/usr/include'
pdfdir='${docdir}'
plugindir='${exec_prefix}/lib/ao/plugins-4'
prefix='/home/krone/CSoundWave/libao/../vendor/libao_1.2.2'
program_transform_name='s,x,x,'
psdir='${docdir}'
sbindir='${exec_prefix}/sbin'
sharedstatedir='${prefix}/com'
sysconfdir='${prefix}/etc'
target_alias=''

## ----------- ##
## confdefs.h. ##
## ----------- ##

/* confdefs.h */
#define PACKAGE_NAME "libao"
#define PACKAGE_TARNAME "libao"
#define PACKAGE_VERSION "1.2.2"
#define PACKAGE_STRING "libao 1.2.2"
#define PACKAGE_BUGREPORT "monty@xiph.org"
#define PACKAGE_URL ""
#define PACKAGE "libao"
#define VERSION "1.2.2"
#define STDC_HEADERS 1
#define HAVE_SYS_TYPES_H 1
#define HAVE_SYS_STAT_H 1
#define HAVE_STDLIB_H 1
#define HAVE_STRING_H 1
#define HAVE_MEMORY_H 1
#define HAVE_STRINGS_H 1
#define HAVE_INTTYPES_H 1
#define HAVE_STDINT_H 1
#define HAVE_UNISTD_H 1
#define HAVE_DLFCN_H 1
#define LT_OBJDIR ".libs/"
#define HAVE_DLFCN_H 1
#define HAVE_DLOPEN 1
#define HAVE_LIBPTHREAD 1
#define DLOPEN_FLAG (RTLD_NOW | RTLD_GLOBAL)
#define SHARED_LIB_EXT ".so"
#define SIZEOF_SHORT 2
#define SIZEOF_INT 4
#define SIZEOF_LONG 8
#define HAVE_SYS_SOUNDCARD_H 1
#define BROKEN_OSS 1
#define HAVE_SNDIO_H 1

configure: exit 0
